生成启动时间为 2021/1/3 23:18:02。
     1>项目“E:\咸鱼\C++\图书信息管理\图书\Project1\Project1\Project1.vcxproj”在节点 2 上(Build 个目标)。
     1>ClCompile:
         C:\Program Files (x86)\Microsoft Visual Studio 2013\VC\bin\x86_amd64\CL.exe /c /Zi /nologo /W3 /WX- /sdl /Od /D _MBCS /Gm /EHsc /RTC1 /MDd /GS /fp:precise /Zc:wchar_t /Zc:forScope /Fo"x64\Debug\\" /Fd"x64\Debug\vc120.pdb" /Gd /TP /errorReport:prompt main.cpp
         main.cpp
     1>main.cpp(86): error C2872: “count”: 不明确的符号
                 可能是“main.cpp(14) : int count”
                 或       “C:\Program Files (x86)\Microsoft Visual Studio 2013\VC\include\xutility(3086) : iterator_traits<_Iter>::difference_type std::count(_InIt,_InIt,const _Ty &)”
     1>main.cpp(94): error C2872: “count”: 不明确的符号
                 可能是“main.cpp(14) : int count”
                 或       “C:\Program Files (x86)\Microsoft Visual Studio 2013\VC\include\xutility(3086) : iterator_traits<_Iter>::difference_type std::count(_InIt,_InIt,const _Ty &)”
     1>main.cpp(108): error C2872: “count”: 不明确的符号
                 可能是“main.cpp(14) : int count”
                 或       “C:\Program Files (x86)\Microsoft Visual Studio 2013\VC\include\xutility(3086) : iterator_traits<_Iter>::difference_type std::count(_InIt,_InIt,const _Ty &)”
     1>main.cpp(109): error C2872: “count”: 不明确的符号
                 可能是“main.cpp(14) : int count”
                 或       “C:\Program Files (x86)\Microsoft Visual Studio 2013\VC\include\xutility(3086) : iterator_traits<_Iter>::difference_type std::count(_InIt,_InIt,const _Ty &)”
     1>main.cpp(117): error C2872: “count”: 不明确的符号
                 可能是“main.cpp(14) : int count”
                 或       “C:\Program Files (x86)\Microsoft Visual Studio 2013\VC\include\xutility(3086) : iterator_traits<_Iter>::difference_type std::count(_InIt,_InIt,const _Ty &)”
     1>main.cpp(123): error C2872: “count”: 不明确的符号
                 可能是“main.cpp(14) : int count”
                 或       “C:\Program Files (x86)\Microsoft Visual Studio 2013\VC\include\xutility(3086) : iterator_traits<_Iter>::difference_type std::count(_InIt,_InIt,const _Ty &)”
     1>main.cpp(128): error C2872: “count”: 不明确的符号
                 可能是“main.cpp(14) : int count”
                 或       “C:\Program Files (x86)\Microsoft Visual Studio 2013\VC\include\xutility(3086) : iterator_traits<_Iter>::difference_type std::count(_InIt,_InIt,const _Ty &)”
     1>main.cpp(129): error C2872: “count”: 不明确的符号
                 可能是“main.cpp(14) : int count”
                 或       “C:\Program Files (x86)\Microsoft Visual Studio 2013\VC\include\xutility(3086) : iterator_traits<_Iter>::difference_type std::count(_InIt,_InIt,const _Ty &)”
     1>main.cpp(130): error C2872: “count”: 不明确的符号
                 可能是“main.cpp(14) : int count”
                 或       “C:\Program Files (x86)\Microsoft Visual Studio 2013\VC\include\xutility(3086) : iterator_traits<_Iter>::difference_type std::count(_InIt,_InIt,const _Ty &)”
     1>main.cpp(131): error C2872: “count”: 不明确的符号
                 可能是“main.cpp(14) : int count”
                 或       “C:\Program Files (x86)\Microsoft Visual Studio 2013\VC\include\xutility(3086) : iterator_traits<_Iter>::difference_type std::count(_InIt,_InIt,const _Ty &)”
     1>main.cpp(133): error C2872: “count”: 不明确的符号
                 可能是“main.cpp(14) : int count”
                 或       “C:\Program Files (x86)\Microsoft Visual Studio 2013\VC\include\xutility(3086) : iterator_traits<_Iter>::difference_type std::count(_InIt,_InIt,const _Ty &)”
     1>main.cpp(138): error C2872: “count”: 不明确的符号
                 可能是“main.cpp(14) : int count”
                 或       “C:\Program Files (x86)\Microsoft Visual Studio 2013\VC\include\xutility(3086) : iterator_traits<_Iter>::difference_type std::count(_InIt,_InIt,const _Ty &)”
     1>main.cpp(155): error C2872: “count”: 不明确的符号
                 可能是“main.cpp(14) : int count”
                 或       “C:\Program Files (x86)\Microsoft Visual Studio 2013\VC\include\xutility(3086) : iterator_traits<_Iter>::difference_type std::count(_InIt,_InIt,const _Ty &)”
     1>main.cpp(161): error C2872: “count”: 不明确的符号
                 可能是“main.cpp(14) : int count”
                 或       “C:\Program Files (x86)\Microsoft Visual Studio 2013\VC\include\xutility(3086) : iterator_traits<_Iter>::difference_type std::count(_InIt,_InIt,const _Ty &)”
     1>main.cpp(173): error C2872: “count”: 不明确的符号
                 可能是“main.cpp(14) : int count”
                 或       “C:\Program Files (x86)\Microsoft Visual Studio 2013\VC\include\xutility(3086) : iterator_traits<_Iter>::difference_type std::count(_InIt,_InIt,const _Ty &)”
     1>main.cpp(181): error C2872: “count”: 不明确的符号
                 可能是“main.cpp(14) : int count”
                 或       “C:\Program Files (x86)\Microsoft Visual Studio 2013\VC\include\xutility(3086) : iterator_traits<_Iter>::difference_type std::count(_InIt,_InIt,const _Ty &)”
     1>已完成生成项目“E:\咸鱼\C++\图书信息管理\图书\Project1\Project1\Project1.vcxproj”(Build 个目标)的操作 - 失败。

生成失败。

已用时间 00:00:00.35
