生成启动时间为 2021/1/4 20:02:33。
     1>项目“E:\咸鱼\C++\学籍管理系统\学籍管理系统\学籍管理系统.vcxproj”在节点 2 上(Build 个目标)。
     1>ClCompile:
         C:\Program Files (x86)\Microsoft Visual Studio 2013\VC\bin\CL.exe /c /ZI /nologo /W3 /WX- /Od /Oy- /D WIN32 /D _DEBUG /D _CONSOLE /D _LIB /D _UNICODE /D UNICODE /Gm /EHsc /RTC1 /MDd /GS /fp:precise /Zc:wchar_t /Zc:forScope /Fo"Debug\\" /Fd"Debug\vc120.pdb" /Gd /TP /analyze- /errorReport:prompt main.cpp
         main.cpp
     1>e:\咸鱼\c++\学籍管理系统\学籍管理系统\main.cpp(31): warning C4101: “num”: 未引用的局部变量
     1>e:\咸鱼\c++\学籍管理系统\学籍管理系统\main.cpp(69): warning C4996: 'getch': The POSIX name for this item is deprecated. Instead, use the ISO C++ conformant name: _getch. See online help for details.
                 c:\program files (x86)\microsoft visual studio 2013\vc\include\conio.h(131) : 参见“getch”的声明
     1>e:\咸鱼\c++\学籍管理系统\学籍管理系统\main.cpp(112): warning C4996: 'getch': The POSIX name for this item is deprecated. Instead, use the ISO C++ conformant name: _getch. See online help for details.
                 c:\program files (x86)\microsoft visual studio 2013\vc\include\conio.h(131) : 参见“getch”的声明
     1>e:\咸鱼\c++\学籍管理系统\学籍管理系统\main.cpp(74): warning C4101: “j”: 未引用的局部变量
     1>e:\咸鱼\c++\学籍管理系统\学籍管理系统\main.cpp(155): warning C4996: 'getch': The POSIX name for this item is deprecated. Instead, use the ISO C++ conformant name: _getch. See online help for details.
                 c:\program files (x86)\microsoft visual studio 2013\vc\include\conio.h(131) : 参见“getch”的声明
     1>e:\咸鱼\c++\学籍管理系统\学籍管理系统\main.cpp(199): warning C4996: 'getch': The POSIX name for this item is deprecated. Instead, use the ISO C++ conformant name: _getch. See online help for details.
                 c:\program files (x86)\microsoft visual studio 2013\vc\include\conio.h(131) : 参见“getch”的声明
     1>e:\咸鱼\c++\学籍管理系统\学籍管理系统\main.cpp(220): warning C4996: 'getch': The POSIX name for this item is deprecated. Instead, use the ISO C++ conformant name: _getch. See online help for details.
                 c:\program files (x86)\microsoft visual studio 2013\vc\include\conio.h(131) : 参见“getch”的声明
     1>e:\咸鱼\c++\学籍管理系统\学籍管理系统\main.cpp(233): warning C4996: 'getch': The POSIX name for this item is deprecated. Instead, use the ISO C++ conformant name: _getch. See online help for details.
                 c:\program files (x86)\microsoft visual studio 2013\vc\include\conio.h(131) : 参见“getch”的声明
       Link:
         C:\Program Files (x86)\Microsoft Visual Studio 2013\VC\bin\link.exe /ERRORREPORT:PROMPT /OUT:"E:\咸鱼\C++\学籍管理系统\Debug\学籍管理系统.exe" /INCREMENTAL /NOLOGO kernel32.lib user32.lib gdi32.lib winspool.lib comdlg32.lib advapi32.lib shell32.lib ole32.lib oleaut32.lib uuid.lib odbc32.lib odbccp32.lib /MANIFEST /MANIFESTUAC:"level='asInvoker' uiAccess='false'" /manifest:embed /DEBUG /PDB:"E:\咸鱼\C++\学籍管理系统\Debug\学籍管理系统.pdb" /SUBSYSTEM:CONSOLE /TLBID:1 /DYNAMICBASE /NXCOMPAT /IMPLIB:"E:\咸鱼\C++\学籍管理系统\Debug\学籍管理系统.lib" /MACHINE:X86 Debug\main.obj
         学籍管理系统.vcxproj -> E:\咸鱼\C++\学籍管理系统\Debug\学籍管理系统.exe
     1>已完成生成项目“E:\咸鱼\C++\学籍管理系统\学籍管理系统\学籍管理系统.vcxproj”(Build 个目标)的操作。

生成成功。

已用时间 00:00:00.86
